[22-Apr-2023 02:59:09] NOTICE: fpm is running, pid 30
[22-Apr-2023 02:59:09] NOTICE: ready to handle connections
[22-Apr-2023 02:59:09] NOTICE: systemd monitor interval set to 10000ms
[23-Apr-2023 14:17:08] NOTICE: fpm is running, pid 30
[23-Apr-2023 14:17:08] NOTICE: ready to handle connections
[23-Apr-2023 14:17:08] NOTICE: systemd monitor interval set to 10000ms
[23-Apr-2023 15:59:14] WARNING: [pool www] child 47 said into stderr: "[2023-04-23T15:59:14.881254+00:00] google-ads.INFO: Request made: Host: "googleads.googleapis.com", Method: "/google.ads.googleads.v13.services.CustomerService/ListAccessibleCustomers", CustomerId: "No customer ID could be extracted from the request", RequestId: "VFIUHsC1Up2CqQMM-H040A", IsFault: 0, FaultMessage: "None"  "
[23-Apr-2023 16:06:48] WARNING: [pool www] child 49 said into stderr: "[2023-04-23T16:06:48.085102+00:00] google-ads.INFO: Request made: Host: "googleads.googleapis.com", Method: "/google.ads.googleads.v13.services.CustomerService/ListAccessibleCustomers", CustomerId: "No customer ID could be extracted from the request", RequestId: "Ee0QzitW5fZnBzODO4M1VA", IsFault: 0, FaultMessage: "None"  "
[23-Apr-2023 16:11:42] WARNING: [pool www] child 45 said into stderr: "[2023-04-23T16:11:42.059112+00:00] google-ads.INFO: Request made: Host: "googleads.googleapis.com", Method: "/google.ads.googleads.v13.services.CustomerService/ListAccessibleCustomers", CustomerId: "No customer ID could be extracted from the request", RequestId: "WKMzPNNS03lUfvFjxSqwKQ", IsFault: 0, FaultMessage: "None"  "
[23-Apr-2023 16:12:01] WARNING: [pool www] child 47 said into stderr: "[2023-04-23T16:12:01.700905+00:00] google-ads.INFO: Request made: Host: "googleads.googleapis.com", Method: "/google.ads.googleads.v13.services.CustomerService/ListAccessibleCustomers", CustomerId: "No customer ID could be extracted from the request", RequestId: "C8X6CYUzTo2EDF_oaKd6sA", IsFault: 0, FaultMessage: "None"  "
[23-Apr-2023 16:12:38] WARNING: [pool www] child 49 said into stderr: "[2023-04-23T16:12:38.926384+00:00] google-ads.INFO: Request made: Host: "googleads.googleapis.com", Method: "/google.ads.googleads.v13.services.CustomerService/ListAccessibleCustomers", CustomerId: "No customer ID could be extracted from the request", RequestId: "ykRLzLWO6IFO-cAl5UA8dA", IsFault: 0, FaultMessage: "None"  "
[23-Apr-2023 17:15:45] WARNING: [pool www] child 49 said into stderr: "[2023-04-23T17:15:45.487296+00:00] google-ads.INFO: Request made: Host: "googleads.googleapis.com", Method: "/google.ads.googleads.v13.services.CustomerService/ListAccessibleCustomers", CustomerId: "No customer ID could be extracted from the request", RequestId: "f_b1EGDxHPxSrwf4qP5RdQ", IsFault: 0, FaultMessage: "None"  "
[23-Apr-2023 17:15:47] WARNING: [pool www] child 49 said into stderr: "[2023-04-23T17:15:47.627823+00:00] google-ads.INFO: Request made: Host: "googleads.googleapis.com", Method: "/google.ads.googleads.v13.services.GoogleAdsService/SearchStream", CustomerId: 7049183756, RequestId: "hGmTJF3XRFqjaT8G-MazAA", IsFault: 0, FaultMessage: "None"  "
[23-Apr-2023 17:15:57] WARNING: [pool www] child 45 said into stderr: "[2023-04-23T17:15:57.882001+00:00] google-ads.INFO: Request made: Host: "googleads.googleapis.com", Method: "/google.ads.googleads.v13.services.CustomerService/ListAccessibleCustomers", CustomerId: "No customer ID could be extracted from the request", RequestId: "MEmYA9PjU2yq0tcy_zd_8Q", IsFault: 0, FaultMessage: "None"  "
[23-Apr-2023 17:15:59] WARNING: [pool www] child 45 said into stderr: "[2023-04-23T17:15:59.752590+00:00] google-ads.INFO: Request made: Host: "googleads.googleapis.com", Method: "/google.ads.googleads.v13.services.GoogleAdsService/SearchStream", CustomerId: 7049183756, RequestId: "Fz1t9m9OSSMrv6n8vrf3Hw", IsFault: 0, FaultMessage: "None"  "
[23-Apr-2023 17:25:18] WARNING: [pool www] child 49 said into stderr: "[2023-04-23T17:25:18.698996+00:00] google-ads.INFO: Request made: Host: "googleads.googleapis.com", Method: "/google.ads.googleads.v13.services.CustomerService/ListAccessibleCustomers", CustomerId: "No customer ID could be extracted from the request", RequestId: "GZ-Xtp-r-fxgqClnD6KBYQ", IsFault: 0, FaultMessage: "None"  "
[23-Apr-2023 17:26:03] WARNING: [pool www] child 45 said into stderr: "[2023-04-23T17:26:03.931202+00:00] google-ads.INFO: Request made: Host: "googleads.googleapis.com", Method: "/google.ads.googleads.v13.services.CustomerService/ListAccessibleCustomers", CustomerId: "No customer ID could be extracted from the request", RequestId: "FYTLwn_tX8wmHgSdD3HhjQ", IsFault: 0, FaultMessage: "None"  "
[23-Apr-2023 17:31:47] WARNING: [pool www] child 47 said into stderr: "[2023-04-23T17:31:47.064868+00:00] google-ads.INFO: Request made: Host: "googleads.googleapis.com", Method: "/google.ads.googleads.v13.services.CustomerService/ListAccessibleCustomers", CustomerId: "No customer ID could be extracted from the request", RequestId: "Z4Z6E7cFBsWOjuvU5IaLDQ", IsFault: 0, FaultMessage: "None"  "
[23-Apr-2023 17:32:59] WARNING: [pool www] child 49 said into stderr: "[2023-04-23T17:32:59.583060+00:00] google-ads.INFO: Request made: Host: "googleads.googleapis.com", Method: "/google.ads.googleads.v13.services.CustomerService/ListAccessibleCustomers", CustomerId: "No customer ID could be extracted from the request", RequestId: "GpqjFEiZN7REMqzhqJTvyg", IsFault: 0, FaultMessage: "None"  "
[23-Apr-2023 17:40:53] WARNING: [pool www] child 45 said into stderr: "[2023-04-23T17:40:53.924947+00:00] google-ads.INFO: Request made: Host: "googleads.googleapis.com", Method: "/google.ads.googleads.v13.services.CustomerService/ListAccessibleCustomers", CustomerId: "No customer ID could be extracted from the request", RequestId: "T32P4Fk8KjQkC6OhkU9uvQ", IsFault: 0, FaultMessage: "None"  "
